<?xml version="1.0" encoding="UTF-8"?>
<!-- Generated by org.testng.reporters.JUnitXMLReporter -->
<testsuite hostname="Bikashs-MacBook-Pro.local" ignored="3" name="Default test" tests="1" failures="0" timestamp="2021-04-16T20:44:27 MDT" time="5.229" errors="0">
  <testcase name="verifyDuplicateCategory" time="1.061" classname="testCases.HomePageTestNG"/>
  <testcase name="verifyAddCategory" time="0.0" classname="testCases.HomePageTestNG">
    <ignored/>
  </testcase> <!-- verifyAddCategory -->
  <testcase name="validateAddCategory" time="0.0" classname="testCases.HomePageTestNG">
    <ignored/>
  </testcase> <!-- validateAddCategory -->
  <testcase name="validateMonthDropDown" time="0.0" classname="testCases.HomePageTestNG">
    <ignored/>
  </testcase> <!-- validateMonthDropDown -->
</testsuite> <!-- Default test -->
