<?xml version="1.0" encoding="UTF-8"?>
<testng-results skipped="0" failed="0" ignored="3" total="4" passed="1">
  <reporter-output>
  </reporter-output>
  <suite name="Default suite" duration-ms="5229" started-at="2021-04-16T20:44:22 MDT" finished-at="2021-04-16T20:44:27 MDT">
    <groups>
    </groups>
    <test name="Default test" duration-ms="5229" started-at="2021-04-16T20:44:22 MDT" finished-at="2021-04-16T20:44:27 MDT">
      <class name="testCases.HomePageTestNG">
        <test-method status="PASS" signature="setUp()[pri:0, instance:testCases.HomePageTestNG@2a742aa2]" name="setUp" is-config="true" duration-ms="3978" started-at="2021-04-16T20:44:22 MDT" finished-at="2021-04-16T20:44:26 MDT">
          <reporter-output>
          </reporter-output>
        </test-method> <!-- setUp -->
        <test-method status="PASS" signature="verifyDuplicateCategory()[pri:2, instance:testCases.HomePageTestNG@2a742aa2]" name="verifyDuplicateCategory" duration-ms="1061" started-at="2021-04-16T20:44:26 MDT" finished-at="2021-04-16T20:44:27 MDT">
          <reporter-output>
          </reporter-output>
        </test-method> <!-- verifyDuplicateCategory -->
        <test-method status="PASS" signature="tearDown()[pri:0, instance:testCases.HomePageTestNG@2a742aa2]" name="tearDown" is-config="true" duration-ms="151" started-at="2021-04-16T20:44:27 MDT" finished-at="2021-04-16T20:44:27 MDT">
          <reporter-output>
          </reporter-output>
        </test-method> <!-- tearDown -->
      </class> <!-- testCases.HomePageTestNG -->
    </test> <!-- Default test -->
  </suite> <!-- Default suite -->
</testng-results>
